生成启动时间为 2016/10/21 22:23:43。
     1>项目“D:\QQrobot\Development\cqRobot_Wolfkill_God\CQPdemo\CQPDemo.vcxproj”在节点 2 上(Build 个目标)。
     1>C:\Program Files (x86)\MSBuild\Microsoft.Cpp\v4.0\V120\Microsoft.CppBuild.targets(381,5): warning MSB8028: The intermediate directory (Release\) contains files shared from another project (com.example.democ.vcxproj).  This can lead to incorrect clean and rebuild behavior.
     1>ClCompile:
         C:\Program Files (x86)\Microsoft Visual Studio 12.0\VC\bin\CL.exe /c /Zi /nologo /W3 /WX- /O2 /Oi /Oy- /GL /D WIN32 /D NDEBUG /D _WINDOWS /D _USRDLL /D CQPSDK_EXPORTS /D _WINDLL /D _UNICODE /D UNICODE /Gm- /EHsc /MD /GS /Gy /fp:precise /Zc:wchar_t /Zc:forScope /Yu"stdafx.h" /Fp"Release\com.coxxs.wolf.pch" /Fo"Release\\" /Fd"Release\vc120.pdb" /Gd /TP /analyze- /errorReport:prompt appmain.cpp
         appmain.cpp
     1>appmain.cpp(105): warning C4018: “<”: 有符号/无符号不匹配
     1>appmain.cpp(438): warning C4996: 'itoa': The POSIX name for this item is deprecated. Instead, use the ISO C++ conformant name: _itoa. See online help for details.
                 C:\Program Files (x86)\Microsoft Visual Studio 12.0\VC\include\stdlib.h(937) : 参见“itoa”的声明
     1>appmain.cpp(482): warning C4996: 'itoa': The POSIX name for this item is deprecated. Instead, use the ISO C++ conformant name: _itoa. See online help for details.
                 C:\Program Files (x86)\Microsoft Visual Studio 12.0\VC\include\stdlib.h(937) : 参见“itoa”的声明
     1>appmain.cpp(534): warning C4996: 'itoa': The POSIX name for this item is deprecated. Instead, use the ISO C++ conformant name: _itoa. See online help for details.
                 C:\Program Files (x86)\Microsoft Visual Studio 12.0\VC\include\stdlib.h(937) : 参见“itoa”的声明
     1>appmain.cpp(544): warning C4996: 'itoa': The POSIX name for this item is deprecated. Instead, use the ISO C++ conformant name: _itoa. See online help for details.
                 C:\Program Files (x86)\Microsoft Visual Studio 12.0\VC\include\stdlib.h(937) : 参见“itoa”的声明
     1>appmain.cpp(547): warning C4996: 'itoa': The POSIX name for this item is deprecated. Instead, use the ISO C++ conformant name: _itoa. See online help for details.
                 C:\Program Files (x86)\Microsoft Visual Studio 12.0\VC\include\stdlib.h(937) : 参见“itoa”的声明
     1>appmain.cpp(912): warning C4996: 'itoa': The POSIX name for this item is deprecated. Instead, use the ISO C++ conformant name: _itoa. See online help for details.
                 C:\Program Files (x86)\Microsoft Visual Studio 12.0\VC\include\stdlib.h(937) : 参见“itoa”的声明
     1>appmain.cpp(1073): warning C4996: 'itoa': The POSIX name for this item is deprecated. Instead, use the ISO C++ conformant name: _itoa. See online help for details.
                 C:\Program Files (x86)\Microsoft Visual Studio 12.0\VC\include\stdlib.h(937) : 参见“itoa”的声明
       Link:
         C:\Program Files (x86)\Microsoft Visual Studio 12.0\VC\bin\link.exe /ERRORREPORT:PROMPT /OUT:"D:\QQrobot\Development\cqRobot_Wolfkill_God\Release\com.coxxs.wolf.dll" /INCREMENTAL:NO /NOLOGO kernel32.lib user32.lib gdi32.lib winspool.lib comdlg32.lib advapi32.lib shell32.lib ole32.lib oleaut32.lib uuid.lib odbc32.lib odbccp32.lib /MANIFEST /MANIFESTUAC:"level='asInvoker' uiAccess='false'" /manifest:embed /DEBUG /PDB:"D:\QQrobot\Development\cqRobot_Wolfkill_God\Release\com.coxxs.wolf.pdb" /SUBSYSTEM:WINDOWS /OPT:REF /OPT:ICF /LTCG /TLBID:1 /DYNAMICBASE /NXCOMPAT /IMPLIB:"D:\QQrobot\Development\cqRobot_Wolfkill_God\Release\com.coxxs.wolf.lib" /MACHINE:X86 /SAFESEH /DLL Release\appmain.obj
         Release\dllmain.obj
         Release\stdafx.obj
         CQP.lib
            正在创建库 D:\QQrobot\Development\cqRobot_Wolfkill_God\Release\com.coxxs.wolf.lib 和对象 D:\QQrobot\Development\cqRobot_Wolfkill_God\Release\com.coxxs.wolf.exp
         正在生成代码
         已完成代码的生成
         CQPDemo.vcxproj -> D:\QQrobot\Development\cqRobot_Wolfkill_God\Release\com.coxxs.wolf.dll
     1>已完成生成项目“D:\QQrobot\Development\cqRobot_Wolfkill_God\CQPdemo\CQPDemo.vcxproj”(Build 个目标)的操作。

生成成功。

已用时间 00:00:01.36
